2014/12/04 12:48:34 [error] [exception.CException] exception 'CException' with message 'CAssetManager.basePath "E:\wamp\www\beta\notebook\assets" is invalid. Please make sure the directory exists and is writable by the Web server process.' in E:\wamp\www\beta\yiiframework\framework\web\CAssetManager.php:138
Stack trace:
#0 E:\wamp\www\beta\yiiframework\framework\web\CAssetManager.php(123): CAssetManager->setBasePath('E:\wamp\www\bet...')
#1 E:\wamp\www\beta\yiiframework\framework\web\CAssetManager.php(217): CAssetManager->getBasePath()
#2 E:\wamp\www\beta\yiiframework\framework\web\CClientScript.php(510): CAssetManager->publish('E:\wamp\www\bet...')
#3 E:\wamp\www\beta\yiiframework\framework\web\CClientScript.php(547): CClientScript->getCoreScriptUrl()
#4 E:\wamp\www\beta\yiiframework\framework\web\CClientScript.php(348): CClientScript->getPackageBaseUrl('jquery')
#5 E:\wamp\www\beta\yiiframework\framework\web\CClientScript.php(208): CClientScript->renderCoreScripts()
#6 E:\wamp\www\beta\yiiframework\framework\web\CController.php(351): CClientScript->render('<!DOCTYPE html ...')
#7 E:\wamp\www\beta\yiiframework\framework\web\CController.php(788): CController->processOutput('<!DOCTYPE html ...')
#8 E:\wamp\www\beta\notebook\protected\controllers\SiteController.php(98): CController->render('login', Array)
#9 E:\wamp\www\beta\yiiframework\framework\web\actions\CInlineAction.php(49): SiteController->actionLogin()
#10 E:\wamp\www\beta\yiiframework\framework\web\CController.php(308): CInlineAction->runWithParams(Array)
#11 E:\wamp\www\beta\yiiframework\framework\web\CController.php(286): CController->runAction(Object(CInlineAction))
#12 E:\wamp\www\beta\yiiframework\framework\web\CController.php(265): CController->runActionWithFilters(Object(CInlineAction), Array)
#13 E:\wamp\www\beta\yiiframework\framework\web\CWebApplication.php(282): CController->run('login')
#14 E:\wamp\www\beta\yiiframework\framework\web\CWebApplication.php(141): CWebApplication->runController('site/login')
#15 E:\wamp\www\beta\yiiframework\framework\base\CApplication.php(180): CWebApplication->processRequest()
#16 E:\wamp\www\beta\notebook\index.php(13): CApplication->run()
#17 {main}
REQUEST_URI=/index.php?r=site/login
HTTP_REFERER=http://beta.notebook.com/index.php?r=site/page&view=about
---
2014/12/04 12:55:13 [error] [system.db.CDbCommand] CDbCommand::fetchAll() failed: SQLSTATE[42S02]: Base table or view not found: 1146 Table 'sdb_base_kvstore.clear' doesn't exist. The SQL statement executed was: SHOW FULL COLUMNS FROM `sdb_base_kvstore`.`clear`.
in E:\wamp\www\beta\notebook\index.php (13)
2014/12/04 12:55:13 [error] [system.db.CDbCommand] CDbCommand::fetchAll() failed: SQLSTATE[42S02]: Base table or view not found: 1146 Table 'sdb_base_kvstore.old' doesn't exist. The SQL statement executed was: SHOW FULL COLUMNS FROM `sdb_base_kvstore`.`old`.
in E:\wamp\www\beta\notebook\index.php (13)
2014/12/04 12:55:34 [error] [system.db.CDbCommand] CDbCommand::fetchAll() failed: SQLSTATE[42S02]: Base table or view not found: 1146 Table 'sdb_base_kvstore.clear' doesn't exist. The SQL statement executed was: SHOW FULL COLUMNS FROM `sdb_base_kvstore`.`clear`.
in E:\wamp\www\beta\notebook\index.php (13)
2014/12/04 12:55:34 [error] [system.db.CDbCommand] CDbCommand::fetchAll() failed: SQLSTATE[42S02]: Base table or view not found: 1146 Table 'sdb_base_kvstore.old' doesn't exist. The SQL statement executed was: SHOW FULL COLUMNS FROM `sdb_base_kvstore`.`old`.
in E:\wamp\www\beta\notebook\index.php (13)
2014/12/04 12:55:35 [error] [system.db.CDbCommand] CDbCommand::fetchAll() failed: SQLSTATE[42S02]: Base table or view not found: 1146 Table 'sdb_base_kvstore.clear' doesn't exist. The SQL statement executed was: SHOW FULL COLUMNS FROM `sdb_base_kvstore`.`clear`.
in E:\wamp\www\beta\notebook\index.php (13)
2014/12/04 12:55:35 [error] [system.db.CDbCommand] CDbCommand::fetchAll() failed: SQLSTATE[42S02]: Base table or view not found: 1146 Table 'sdb_base_kvstore.old' doesn't exist. The SQL statement executed was: SHOW FULL COLUMNS FROM `sdb_base_kvstore`.`old`.
in E:\wamp\www\beta\notebook\index.php (13)
2014/12/04 12:55:39 [error] [system.db.CDbCommand] CDbCommand::fetchAll() failed: SQLSTATE[42S02]: Base table or view not found: 1146 Table 'sdb_base_kvstore.clear' doesn't exist. The SQL statement executed was: SHOW FULL COLUMNS FROM `sdb_base_kvstore`.`clear`.
in E:\wamp\www\beta\notebook\index.php (13)
2014/12/04 12:55:39 [error] [system.db.CDbCommand] CDbCommand::fetchAll() failed: SQLSTATE[42S02]: Base table or view not found: 1146 Table 'sdb_base_kvstore.old' doesn't exist. The SQL statement executed was: SHOW FULL COLUMNS FROM `sdb_base_kvstore`.`old`.
in E:\wamp\www\beta\notebook\index.php (13)
2014/12/04 12:55:39 [error] [system.db.CDbCommand] CDbCommand::fetchAll() failed: SQLSTATE[42S02]: Base table or view not found: 1146 Table 'sdb_base_kvstore.clear' doesn't exist. The SQL statement executed was: SHOW FULL COLUMNS FROM `sdb_base_kvstore`.`clear`.
in E:\wamp\www\beta\notebook\index.php (13)
2014/12/04 12:55:39 [error] [system.db.CDbCommand] CDbCommand::fetchAll() failed: SQLSTATE[42S02]: Base table or view not found: 1146 Table 'sdb_base_kvstore.old' doesn't exist. The SQL statement executed was: SHOW FULL COLUMNS FROM `sdb_base_kvstore`.`old`.
in E:\wamp\www\beta\notebook\index.php (13)
2014/12/04 12:55:44 [error] [system.db.CDbCommand] CDbCommand::fetchAll() failed: SQLSTATE[42S02]: Base table or view not found: 1146 Table 'sdb_base_kvstore.clear' doesn't exist. The SQL statement executed was: SHOW FULL COLUMNS FROM `sdb_base_kvstore`.`clear`.
in E:\wamp\www\beta\notebook\index.php (13)
2014/12/04 12:55:44 [error] [system.db.CDbCommand] CDbCommand::fetchAll() failed: SQLSTATE[42S02]: Base table or view not found: 1146 Table 'sdb_base_kvstore.old' doesn't exist. The SQL statement executed was: SHOW FULL COLUMNS FROM `sdb_base_kvstore`.`old`.
in E:\wamp\www\beta\notebook\index.php (13)
2014/12/04 12:55:45 [error] [system.db.CDbCommand] CDbCommand::fetchAll() failed: SQLSTATE[42S02]: Base table or view not found: 1146 Table 'sdb_base_kvstore.clear' doesn't exist. The SQL statement executed was: SHOW FULL COLUMNS FROM `sdb_base_kvstore`.`clear`.
in E:\wamp\www\beta\notebook\index.php (13)
2014/12/04 12:55:45 [error] [system.db.CDbCommand] CDbCommand::fetchAll() failed: SQLSTATE[42S02]: Base table or view not found: 1146 Table 'sdb_base_kvstore.old' doesn't exist. The SQL statement executed was: SHOW FULL COLUMNS FROM `sdb_base_kvstore`.`old`.
in E:\wamp\www\beta\notebook\index.php (13)
2014/12/04 12:55:54 [error] [system.db.CDbCommand] CDbCommand::fetchAll() failed: SQLSTATE[42S02]: Base table or view not found: 1146 Table 'sdb_base_kvstore.clear' doesn't exist. The SQL statement executed was: SHOW FULL COLUMNS FROM `sdb_base_kvstore`.`clear`.
in E:\wamp\www\beta\notebook\index.php (13)
2014/12/04 12:55:54 [error] [system.db.CDbCommand] CDbCommand::fetchAll() failed: SQLSTATE[42S02]: Base table or view not found: 1146 Table 'sdb_base_kvstore.old' doesn't exist. The SQL statement executed was: SHOW FULL COLUMNS FROM `sdb_base_kvstore`.`old`.
in E:\wamp\www\beta\notebook\index.php (13)
2014/12/04 12:56:06 [error] [system.db.CDbCommand] CDbCommand::fetchAll() failed: SQLSTATE[42S02]: Base table or view not found: 1146 Table 'sdb_base_kvstore.clear' doesn't exist. The SQL statement executed was: SHOW FULL COLUMNS FROM `sdb_base_kvstore`.`clear`.
in E:\wamp\www\beta\notebook\index.php (13)
2014/12/04 12:56:06 [error] [system.db.CDbCommand] CDbCommand::fetchAll() failed: SQLSTATE[42S02]: Base table or view not found: 1146 Table 'sdb_base_kvstore.old' doesn't exist. The SQL statement executed was: SHOW FULL COLUMNS FROM `sdb_base_kvstore`.`old`.
in E:\wamp\www\beta\notebook\index.php (13)
2014/12/04 12:56:06 [error] [system.db.CDbCommand] CDbCommand::fetchAll() failed: SQLSTATE[42S02]: Base table or view not found: 1146 Table 'sdb_base_kvstore.clear' doesn't exist. The SQL statement executed was: SHOW FULL COLUMNS FROM `sdb_base_kvstore`.`clear`.
in E:\wamp\www\beta\notebook\index.php (13)
2014/12/04 12:56:06 [error] [system.db.CDbCommand] CDbCommand::fetchAll() failed: SQLSTATE[42S02]: Base table or view not found: 1146 Table 'sdb_base_kvstore.old' doesn't exist. The SQL statement executed was: SHOW FULL COLUMNS FROM `sdb_base_kvstore`.`old`.
in E:\wamp\www\beta\notebook\index.php (13)
2014/12/04 12:56:12 [error] [system.db.CDbCommand] CDbCommand::fetchAll() failed: SQLSTATE[42S02]: Base table or view not found: 1146 Table 'sdb_base_kvstore.clear' doesn't exist. The SQL statement executed was: SHOW FULL COLUMNS FROM `sdb_base_kvstore`.`clear`.
in E:\wamp\www\beta\notebook\index.php (13)
2014/12/04 12:56:12 [error] [system.db.CDbCommand] CDbCommand::fetchAll() failed: SQLSTATE[42S02]: Base table or view not found: 1146 Table 'sdb_base_kvstore.old' doesn't exist. The SQL statement executed was: SHOW FULL COLUMNS FROM `sdb_base_kvstore`.`old`.
in E:\wamp\www\beta\notebook\index.php (13)
2014/12/04 12:56:13 [error] [system.db.CDbCommand] CDbCommand::fetchAll() failed: SQLSTATE[42S02]: Base table or view not found: 1146 Table 'sdb_base_kvstore.clear' doesn't exist. The SQL statement executed was: SHOW FULL COLUMNS FROM `sdb_base_kvstore`.`clear`.
in E:\wamp\www\beta\notebook\index.php (13)
2014/12/04 12:56:13 [error] [system.db.CDbCommand] CDbCommand::fetchAll() failed: SQLSTATE[42S02]: Base table or view not found: 1146 Table 'sdb_base_kvstore.old' doesn't exist. The SQL statement executed was: SHOW FULL COLUMNS FROM `sdb_base_kvstore`.`old`.
in E:\wamp\www\beta\notebook\index.php (13)
2014/12/04 12:56:22 [error] [system.db.CDbCommand] CDbCommand::fetchAll() failed: SQLSTATE[42S02]: Base table or view not found: 1146 Table 'sdb_base_kvstore.clear' doesn't exist. The SQL statement executed was: SHOW FULL COLUMNS FROM `sdb_base_kvstore`.`clear`.
in E:\wamp\www\beta\notebook\index.php (13)
2014/12/04 12:56:22 [error] [system.db.CDbCommand] CDbCommand::fetchAll() failed: SQLSTATE[42S02]: Base table or view not found: 1146 Table 'sdb_base_kvstore.old' doesn't exist. The SQL statement executed was: SHOW FULL COLUMNS FROM `sdb_base_kvstore`.`old`.
in E:\wamp\www\beta\notebook\index.php (13)
2014/12/04 12:56:35 [error] [system.db.CDbCommand] CDbCommand::fetchAll() failed: SQLSTATE[42S02]: Base table or view not found: 1146 Table 'sdb_base_kvstore.clear' doesn't exist. The SQL statement executed was: SHOW FULL COLUMNS FROM `sdb_base_kvstore`.`clear`.
in E:\wamp\www\beta\notebook\index.php (13)
2014/12/04 12:56:35 [error] [system.db.CDbCommand] CDbCommand::fetchAll() failed: SQLSTATE[42S02]: Base table or view not found: 1146 Table 'sdb_base_kvstore.old' doesn't exist. The SQL statement executed was: SHOW FULL COLUMNS FROM `sdb_base_kvstore`.`old`.
in E:\wamp\www\beta\notebook\index.php (13)
2014/12/04 12:56:36 [error] [system.db.CDbCommand] CDbCommand::fetchAll() failed: SQLSTATE[42S02]: Base table or view not found: 1146 Table 'sdb_base_kvstore.clear' doesn't exist. The SQL statement executed was: SHOW FULL COLUMNS FROM `sdb_base_kvstore`.`clear`.
in E:\wamp\www\beta\notebook\index.php (13)
2014/12/04 12:56:36 [error] [system.db.CDbCommand] CDbCommand::fetchAll() failed: SQLSTATE[42S02]: Base table or view not found: 1146 Table 'sdb_base_kvstore.old' doesn't exist. The SQL statement executed was: SHOW FULL COLUMNS FROM `sdb_base_kvstore`.`old`.
in E:\wamp\www\beta\notebook\index.php (13)
2014/12/04 12:56:43 [error] [system.db.CDbCommand] CDbCommand::fetchAll() failed: SQLSTATE[42S02]: Base table or view not found: 1146 Table 'sdb_base_kvstore.clear' doesn't exist. The SQL statement executed was: SHOW FULL COLUMNS FROM `sdb_base_kvstore`.`clear`.
in E:\wamp\www\beta\notebook\index.php (13)
2014/12/04 12:56:43 [error] [system.db.CDbCommand] CDbCommand::fetchAll() failed: SQLSTATE[42S02]: Base table or view not found: 1146 Table 'sdb_base_kvstore.old' doesn't exist. The SQL statement executed was: SHOW FULL COLUMNS FROM `sdb_base_kvstore`.`old`.
in E:\wamp\www\beta\notebook\index.php (13)
2014/12/04 12:56:44 [error] [system.db.CDbCommand] CDbCommand::fetchAll() failed: SQLSTATE[42S02]: Base table or view not found: 1146 Table 'sdb_base_kvstore.clear' doesn't exist. The SQL statement executed was: SHOW FULL COLUMNS FROM `sdb_base_kvstore`.`clear`.
in E:\wamp\www\beta\notebook\index.php (13)
2014/12/04 12:56:44 [error] [system.db.CDbCommand] CDbCommand::fetchAll() failed: SQLSTATE[42S02]: Base table or view not found: 1146 Table 'sdb_base_kvstore.old' doesn't exist. The SQL statement executed was: SHOW FULL COLUMNS FROM `sdb_base_kvstore`.`old`.
in E:\wamp\www\beta\notebook\index.php (13)
2014/12/04 12:57:00 [error] [system.db.CDbCommand] CDbCommand::fetchAll() failed: SQLSTATE[42S02]: Base table or view not found: 1146 Table 'sdb_base_kvstore.clear' doesn't exist. The SQL statement executed was: SHOW FULL COLUMNS FROM `sdb_base_kvstore`.`clear`.
in E:\wamp\www\beta\notebook\index.php (13)
2014/12/04 12:57:00 [error] [system.db.CDbCommand] CDbCommand::fetchAll() failed: SQLSTATE[42S02]: Base table or view not found: 1146 Table 'sdb_base_kvstore.old' doesn't exist. The SQL statement executed was: SHOW FULL COLUMNS FROM `sdb_base_kvstore`.`old`.
in E:\wamp\www\beta\notebook\index.php (13)
2014/12/04 12:57:01 [error] [system.db.CDbCommand] CDbCommand::fetchAll() failed: SQLSTATE[42S02]: Base table or view not found: 1146 Table 'sdb_base_kvstore.clear' doesn't exist. The SQL statement executed was: SHOW FULL COLUMNS FROM `sdb_base_kvstore`.`clear`.
in E:\wamp\www\beta\notebook\index.php (13)
2014/12/04 12:57:01 [error] [system.db.CDbCommand] CDbCommand::fetchAll() failed: SQLSTATE[42S02]: Base table or view not found: 1146 Table 'sdb_base_kvstore.old' doesn't exist. The SQL statement executed was: SHOW FULL COLUMNS FROM `sdb_base_kvstore`.`old`.
in E:\wamp\www\beta\notebook\index.php (13)
2014/12/04 12:57:06 [error] [system.db.CDbCommand] CDbCommand::fetchAll() failed: SQLSTATE[42S02]: Base table or view not found: 1146 Table 'sdb_base_kvstore.clear' doesn't exist. The SQL statement executed was: SHOW FULL COLUMNS FROM `sdb_base_kvstore`.`clear`.
in E:\wamp\www\beta\notebook\index.php (13)
2014/12/04 12:57:06 [error] [system.db.CDbCommand] CDbCommand::fetchAll() failed: SQLSTATE[42S02]: Base table or view not found: 1146 Table 'sdb_base_kvstore.old' doesn't exist. The SQL statement executed was: SHOW FULL COLUMNS FROM `sdb_base_kvstore`.`old`.
in E:\wamp\www\beta\notebook\index.php (13)
2014/12/04 12:57:07 [error] [system.db.CDbCommand] CDbCommand::fetchAll() failed: SQLSTATE[42S02]: Base table or view not found: 1146 Table 'sdb_base_kvstore.clear' doesn't exist. The SQL statement executed was: SHOW FULL COLUMNS FROM `sdb_base_kvstore`.`clear`.
in E:\wamp\www\beta\notebook\index.php (13)
2014/12/04 12:57:07 [error] [system.db.CDbCommand] CDbCommand::fetchAll() failed: SQLSTATE[42S02]: Base table or view not found: 1146 Table 'sdb_base_kvstore.old' doesn't exist. The SQL statement executed was: SHOW FULL COLUMNS FROM `sdb_base_kvstore`.`old`.
in E:\wamp\www\beta\notebook\index.php (13)
2014/12/04 12:58:56 [error] [system.db.CDbCommand] CDbCommand::fetchAll() failed: SQLSTATE[42S02]: Base table or view not found: 1146 Table 'sdb_base_kvstore.clear' doesn't exist. The SQL statement executed was: SHOW FULL COLUMNS FROM `sdb_base_kvstore`.`clear`.
in E:\wamp\www\beta\notebook\index.php (13)
2014/12/04 12:58:56 [error] [system.db.CDbCommand] CDbCommand::fetchAll() failed: SQLSTATE[42S02]: Base table or view not found: 1146 Table 'sdb_base_kvstore.old' doesn't exist. The SQL statement executed was: SHOW FULL COLUMNS FROM `sdb_base_kvstore`.`old`.
in E:\wamp\www\beta\notebook\index.php (13)
2014/12/04 12:59:09 [error] [system.db.CDbCommand] CDbCommand::fetchAll() failed: SQLSTATE[42S02]: Base table or view not found: 1146 Table 'sdb_base_kvstore.clear' doesn't exist. The SQL statement executed was: SHOW FULL COLUMNS FROM `sdb_base_kvstore`.`clear`.
in E:\wamp\www\beta\notebook\index.php (13)
2014/12/04 12:59:09 [error] [system.db.CDbCommand] CDbCommand::fetchAll() failed: SQLSTATE[42S02]: Base table or view not found: 1146 Table 'sdb_base_kvstore.old' doesn't exist. The SQL statement executed was: SHOW FULL COLUMNS FROM `sdb_base_kvstore`.`old`.
in E:\wamp\www\beta\notebook\index.php (13)
2014/12/04 12:59:10 [error] [system.db.CDbCommand] CDbCommand::fetchAll() failed: SQLSTATE[42S02]: Base table or view not found: 1146 Table 'sdb_base_kvstore.clear' doesn't exist. The SQL statement executed was: SHOW FULL COLUMNS FROM `sdb_base_kvstore`.`clear`.
in E:\wamp\www\beta\notebook\index.php (13)
2014/12/04 12:59:10 [error] [system.db.CDbCommand] CDbCommand::fetchAll() failed: SQLSTATE[42S02]: Base table or view not found: 1146 Table 'sdb_base_kvstore.old' doesn't exist. The SQL statement executed was: SHOW FULL COLUMNS FROM `sdb_base_kvstore`.`old`.
in E:\wamp\www\beta\notebook\index.php (13)
2014/12/04 12:59:15 [error] [system.db.CDbCommand] CDbCommand::fetchAll() failed: SQLSTATE[42S02]: Base table or view not found: 1146 Table 'sdb_base_kvstore.clear' doesn't exist. The SQL statement executed was: SHOW FULL COLUMNS FROM `sdb_base_kvstore`.`clear`.
in E:\wamp\www\beta\notebook\index.php (13)
2014/12/04 12:59:15 [error] [system.db.CDbCommand] CDbCommand::fetchAll() failed: SQLSTATE[42S02]: Base table or view not found: 1146 Table 'sdb_base_kvstore.old' doesn't exist. The SQL statement executed was: SHOW FULL COLUMNS FROM `sdb_base_kvstore`.`old`.
in E:\wamp\www\beta\notebook\index.php (13)
2014/12/04 12:59:16 [error] [system.db.CDbCommand] CDbCommand::fetchAll() failed: SQLSTATE[42S02]: Base table or view not found: 1146 Table 'sdb_base_kvstore.clear' doesn't exist. The SQL statement executed was: SHOW FULL COLUMNS FROM `sdb_base_kvstore`.`clear`.
in E:\wamp\www\beta\notebook\index.php (13)
2014/12/04 12:59:16 [error] [system.db.CDbCommand] CDbCommand::fetchAll() failed: SQLSTATE[42S02]: Base table or view not found: 1146 Table 'sdb_base_kvstore.old' doesn't exist. The SQL statement executed was: SHOW FULL COLUMNS FROM `sdb_base_kvstore`.`old`.
in E:\wamp\www\beta\notebook\index.php (13)
2014/12/04 14:07:02 [error] [exception.CHttpException.404] exception 'CHttpException' with message 'The system is unable to find the requested action "register".' in E:\wamp\www\beta\yiiframework\framework\web\CController.php:483
Stack trace:
#0 E:\wamp\www\beta\yiiframework\framework\web\CController.php(270): CController->missingAction('register')
#1 E:\wamp\www\beta\yiiframework\framework\web\CWebApplication.php(282): CController->run('register')
#2 E:\wamp\www\beta\yiiframework\framework\web\CWebApplication.php(141): CWebApplication->runController('site/register')
#3 E:\wamp\www\beta\yiiframework\framework\base\CApplication.php(180): CWebApplication->processRequest()
#4 E:\wamp\www\beta\notebook\index.php(13): CApplication->run()
#5 {main}
REQUEST_URI=/site/register
---
2014/12/04 14:08:38 [error] [exception.CException] exception 'CException' with message 'UserController cannot find the requested view "register".' in E:\wamp\www\beta\yiiframework\framework\web\CController.php:878
Stack trace:
#0 E:\wamp\www\beta\yiiframework\framework\web\CController.php(782): CController->renderPartial('register', Array, true)
#1 E:\wamp\www\beta\notebook\protected\controllers\UserController.php(102): CController->render('register', Array)
#2 E:\wamp\www\beta\yiiframework\framework\web\actions\CInlineAction.php(49): UserController->actionRegister()
#3 E:\wamp\www\beta\yiiframework\framework\web\CController.php(308): CInlineAction->runWithParams(Array)
#4 E:\wamp\www\beta\yiiframework\framework\web\filters\CFilterChain.php(133): CController->runAction(Object(CInlineAction))
#5 E:\wamp\www\beta\yiiframework\framework\web\filters\CFilter.php(40): CFilterChain->run()
#6 E:\wamp\www\beta\yiiframework\framework\web\CController.php(1145): CFilter->filter(Object(CFilterChain))
#7 E:\wamp\www\beta\yiiframework\framework\web\filters\CInlineFilter.php(58): CController->filterAccessControl(Object(CFilterChain))
#8 E:\wamp\www\beta\yiiframework\framework\web\filters\CFilterChain.php(130): CInlineFilter->filter(Object(CFilterChain))
#9 E:\wamp\www\beta\yiiframework\framework\web\CController.php(291): CFilterChain->run()
#10 E:\wamp\www\beta\yiiframework\framework\web\CController.php(265): CController->runActionWithFilters(Object(CInlineAction), Array)
#11 E:\wamp\www\beta\yiiframework\framework\web\CWebApplication.php(282): CController->run('register')
#12 E:\wamp\www\beta\yiiframework\framework\web\CWebApplication.php(141): CWebApplication->runController('user/register')
#13 E:\wamp\www\beta\yiiframework\framework\base\CApplication.php(180): CWebApplication->processRequest()
#14 E:\wamp\www\beta\notebook\index.php(13): CApplication->run()
#15 {main}
REQUEST_URI=/user/register
---
2014/12/04 14:29:14 [error] [php] Undefined index: REMOTE_ADDR  (E:\wamp\www\beta\notebook\protected\models\User.php:132)
Stack trace:
#0 E:\wamp\www\beta\notebook\protected\controllers\UserController.php(96): User->save()
#1 E:\wamp\www\beta\yiiframework\framework\web\actions\CInlineAction.php(49): UserController->actionRegister()
#2 E:\wamp\www\beta\yiiframework\framework\web\CController.php(308): CInlineAction->runWithParams()
#3 E:\wamp\www\beta\yiiframework\framework\web\filters\CFilterChain.php(133): UserController->runAction()
#4 E:\wamp\www\beta\yiiframework\framework\web\filters\CFilter.php(40): CFilterChain->run()
#5 E:\wamp\www\beta\yiiframework\framework\web\CController.php(1145): CAccessControlFilter->filter()
#6 E:\wamp\www\beta\yiiframework\framework\web\filters\CInlineFilter.php(58): UserController->filterAccessControl()
#7 E:\wamp\www\beta\yiiframework\framework\web\filters\CFilterChain.php(130): CInlineFilter->filter()
#8 E:\wamp\www\beta\yiiframework\framework\web\CController.php(291): CFilterChain->run()
#9 E:\wamp\www\beta\yiiframework\framework\web\CController.php(265): UserController->runActionWithFilters()
#10 E:\wamp\www\beta\yiiframework\framework\web\CWebApplication.php(282): UserController->run()
#11 E:\wamp\www\beta\yiiframework\framework\web\CWebApplication.php(141): CWebApplication->runController()
#12 E:\wamp\www\beta\yiiframework\framework\base\CApplication.php(180): CWebApplication->processRequest()
#13 E:\wamp\www\beta\notebook\index.php(13): CWebApplication->run()
REQUEST_URI=/user/register
in E:\wamp\www\beta\notebook\protected\models\User.php (132)
in E:\wamp\www\beta\notebook\protected\controllers\UserController.php (96)
in E:\wamp\www\beta\notebook\index.php (13)
2014/12/04 14:35:53 [error] [exception.CHttpException.404] exception 'CHttpException' with message 'Unable to resolve the request "ncat".' in E:\wamp\www\beta\yiiframework\framework\web\CWebApplication.php:286
Stack trace:
#0 E:\wamp\www\beta\yiiframework\framework\web\CWebApplication.php(141): CWebApplication->runController('ncat')
#1 E:\wamp\www\beta\yiiframework\framework\base\CApplication.php(180): CWebApplication->processRequest()
#2 E:\wamp\www\beta\notebook\index.php(13): CApplication->run()
#3 {main}
REQUEST_URI=/ncat/
---
2014/12/04 14:31:00 [error] [php] date(): It is not safe to rely on the system's timezone settings. You are *required* to use the date.timezone setting or the date_default_timezone_set() function. In case you used any of those methods and you are still getting this warning, you most likely misspelled the timezone identifier. We selected the timezone 'UTC' for now, but please set date.timezone to select your timezone. (/www/beta/notebook/protected/views/layouts/main.php:51)
Stack trace:
#0 /www/beta/yiiframework/framework/web/CBaseController.php(95): SiteController->renderInternal()
#1 /www/beta/yiiframework/framework/web/widgets/CContentDecorator.php(76): SiteController->renderFile()
#2 /www/beta/yiiframework/framework/web/widgets/CContentDecorator.php(54): CContentDecorator->decorate()
#3 /www/beta/yiiframework/framework/web/widgets/COutputProcessor.php(44): CContentDecorator->processOutput()
#4 /www/beta/yiiframework/framework/web/CBaseController.php(206): CContentDecorator->run()
#5 /www/beta/yiiframework/framework/web/CBaseController.php(300): SiteController->endWidget()
#6 /www/beta/notebook/protected/views/layouts/column1.php(6): SiteController->endContent()
#7 /www/beta/yiiframework/framework/web/CBaseController.php(126): require()
#8 /www/beta/yiiframework/framework/web/CBaseController.php(95): SiteController->renderInternal()
#9 /www/beta/yiiframework/framework/web/CController.php(784): SiteController->renderFile()
#10 /www/beta/notebook/protected/controllers/SiteController.php(32): SiteController->render()
#11 /www/beta/yiiframework/framework/web/actions/CInlineAction.php(49): SiteController->actionIndex()
#12 /www/beta/yiiframework/framework/web/CController.php(308): CInlineAction->runWithParams()
#13 /www/beta/yiiframework/framework/web/CController.php(286): SiteController->runAction()
#14 /www/beta/yiiframework/framework/web/CController.php(265): SiteController->runActionWithFilters()
#15 /www/beta/yiiframework/framework/web/CWebApplication.php(282): SiteController->run()
#16 /www/beta/yiiframework/framework/web/CWebApplication.php(141): CWebApplication->runController()
#17 /www/beta/yiiframework/framework/base/CApplication.php(180): CWebApplication->processRequest()
#18 /www/beta/notebook/index.php(13): CWebApplication->run()
REQUEST_URI=/
in /www/beta/notebook/protected/views/layouts/main.php (51)
in /www/beta/notebook/protected/views/layouts/column1.php (6)
in /www/beta/notebook/protected/controllers/SiteController.php (32)
2014/12/04 14:32:11 [error] [php] date(): It is not safe to rely on the system's timezone settings. You are *required* to use the date.timezone setting or the date_default_timezone_set() function. In case you used any of those methods and you are still getting this warning, you most likely misspelled the timezone identifier. We selected the timezone 'UTC' for now, but please set date.timezone to select your timezone. (/www/beta/notebook/protected/views/layouts/main.php:51)
Stack trace:
#0 /www/beta/yiiframework/framework/web/CBaseController.php(95): SiteController->renderInternal()
#1 /www/beta/yiiframework/framework/web/widgets/CContentDecorator.php(76): SiteController->renderFile()
#2 /www/beta/yiiframework/framework/web/widgets/CContentDecorator.php(54): CContentDecorator->decorate()
#3 /www/beta/yiiframework/framework/web/widgets/COutputProcessor.php(44): CContentDecorator->processOutput()
#4 /www/beta/yiiframework/framework/web/CBaseController.php(206): CContentDecorator->run()
#5 /www/beta/yiiframework/framework/web/CBaseController.php(300): SiteController->endWidget()
#6 /www/beta/notebook/protected/views/layouts/column1.php(6): SiteController->endContent()
#7 /www/beta/yiiframework/framework/web/CBaseController.php(126): require()
#8 /www/beta/yiiframework/framework/web/CBaseController.php(95): SiteController->renderInternal()
#9 /www/beta/yiiframework/framework/web/CController.php(784): SiteController->renderFile()
#10 /www/beta/notebook/protected/controllers/SiteController.php(32): SiteController->render()
#11 /www/beta/yiiframework/framework/web/actions/CInlineAction.php(49): SiteController->actionIndex()
#12 /www/beta/yiiframework/framework/web/CController.php(308): CInlineAction->runWithParams()
#13 /www/beta/yiiframework/framework/web/CController.php(286): SiteController->runAction()
#14 /www/beta/yiiframework/framework/web/CController.php(265): SiteController->runActionWithFilters()
#15 /www/beta/yiiframework/framework/web/CWebApplication.php(282): SiteController->run()
#16 /www/beta/yiiframework/framework/web/CWebApplication.php(141): CWebApplication->runController()
#17 /www/beta/yiiframework/framework/base/CApplication.php(180): CWebApplication->processRequest()
#18 /www/beta/notebook/index.php(13): CWebApplication->run()
REQUEST_URI=/
in /www/beta/notebook/protected/views/layouts/main.php (51)
in /www/beta/notebook/protected/views/layouts/column1.php (6)
in /www/beta/notebook/protected/controllers/SiteController.php (32)
2014/12/04 22:32:44 [error] [exception.CDbException] exception 'CDbException' with message 'CDbConnection failed to open the DB connection: SQLSTATE[28000] [1045] Access denied for user 'root'@'localhost' (using password: NO)' in /www/beta/yiiframework/framework/db/CDbConnection.php:382
Stack trace:
#0 /www/beta/yiiframework/framework/db/CDbConnection.php(330): CDbConnection->open()
#1 /www/beta/yiiframework/framework/db/CDbConnection.php(308): CDbConnection->setActive(true)
#2 /www/beta/yiiframework/framework/base/CModule.php(387): CDbConnection->init()
#3 /www/beta/yiiframework/framework/base/CApplication.php(450): CModule->getComponent('db')
#4 /www/beta/yiiframework/framework/db/ar/CActiveRecord.php(634): CApplication->getDb()
#5 /www/beta/yiiframework/framework/db/ar/CActiveRecord.php(2361): CActiveRecord->getDbConnection()
#6 /www/beta/yiiframework/framework/db/ar/CActiveRecord.php(411): CActiveRecordMetaData->__construct(Object(User))
#7 /www/beta/yiiframework/framework/db/ar/CActiveRecord.php(79): CActiveRecord->getMetaData()
#8 /www/beta/notebook/protected/controllers/UserController.php(88): CActiveRecord->__construct()
#9 /www/beta/yiiframework/framework/web/actions/CInlineAction.php(49): UserController->actionRegister()
#10 /www/beta/yiiframework/framework/web/CController.php(308): CInlineAction->runWithParams(Array)
#11 /www/beta/yiiframework/framework/web/filters/CFilterChain.php(133): CController->runAction(Object(CInlineAction))
#12 /www/beta/yiiframework/framework/web/filters/CFilter.php(40): CFilterChain->run()
#13 /www/beta/yiiframework/framework/web/CController.php(1145): CFilter->filter(Object(CFilterChain))
#14 /www/beta/yiiframework/framework/web/filters/CInlineFilter.php(58): CController->filterAccessControl(Object(CFilterChain))
#15 /www/beta/yiiframework/framework/web/filters/CFilterChain.php(130): CInlineFilter->filter(Object(CFilterChain))
#16 /www/beta/yiiframework/framework/web/CController.php(291): CFilterChain->run()
#17 /www/beta/yiiframework/framework/web/CController.php(265): CController->runActionWithFilters(Object(CInlineAction), Array)
#18 /www/beta/yiiframework/framework/web/CWebApplication.php(282): CController->run('register')
#19 /www/beta/yiiframework/framework/web/CWebApplication.php(141): CWebApplication->runController('user/register')
#20 /www/beta/yiiframework/framework/base/CApplication.php(180): CWebApplication->processRequest()
#21 /www/beta/notebook/index.php(13): CApplication->run()
#22 {main}
REQUEST_URI=/user/register
---
2014/12/04 22:41:58 [error] [exception.CDbException] exception 'CDbException' with message 'CDbConnection failed to open the DB connection: SQLSTATE[28000] [1045] Access denied for user 'root'@'localhost' (using password: NO)' in /www/beta/yiiframework/framework/db/CDbConnection.php:382
Stack trace:
#0 /www/beta/yiiframework/framework/db/CDbConnection.php(330): CDbConnection->open()
#1 /www/beta/yiiframework/framework/db/CDbConnection.php(308): CDbConnection->setActive(true)
#2 /www/beta/yiiframework/framework/base/CModule.php(387): CDbConnection->init()
#3 /www/beta/yiiframework/framework/base/CApplication.php(450): CModule->getComponent('db')
#4 /www/beta/yiiframework/framework/db/ar/CActiveRecord.php(634): CApplication->getDb()
#5 /www/beta/yiiframework/framework/db/ar/CActiveRecord.php(2361): CActiveRecord->getDbConnection()
#6 /www/beta/yiiframework/framework/db/ar/CActiveRecord.php(411): CActiveRecordMetaData->__construct(Object(User))
#7 /www/beta/yiiframework/framework/db/ar/CActiveRecord.php(79): CActiveRecord->getMetaData()
#8 /www/beta/notebook/protected/controllers/UserController.php(88): CActiveRecord->__construct()
#9 /www/beta/yiiframework/framework/web/actions/CInlineAction.php(49): UserController->actionRegister()
#10 /www/beta/yiiframework/framework/web/CController.php(308): CInlineAction->runWithParams(Array)
#11 /www/beta/yiiframework/framework/web/filters/CFilterChain.php(133): CController->runAction(Object(CInlineAction))
#12 /www/beta/yiiframework/framework/web/filters/CFilter.php(40): CFilterChain->run()
#13 /www/beta/yiiframework/framework/web/CController.php(1145): CFilter->filter(Object(CFilterChain))
#14 /www/beta/yiiframework/framework/web/filters/CInlineFilter.php(58): CController->filterAccessControl(Object(CFilterChain))
#15 /www/beta/yiiframework/framework/web/filters/CFilterChain.php(130): CInlineFilter->filter(Object(CFilterChain))
#16 /www/beta/yiiframework/framework/web/CController.php(291): CFilterChain->run()
#17 /www/beta/yiiframework/framework/web/CController.php(265): CController->runActionWithFilters(Object(CInlineAction), Array)
#18 /www/beta/yiiframework/framework/web/CWebApplication.php(282): CController->run('register')
#19 /www/beta/yiiframework/framework/web/CWebApplication.php(141): CWebApplication->runController('user/register')
#20 /www/beta/yiiframework/framework/base/CApplication.php(180): CWebApplication->processRequest()
#21 /www/beta/notebook/index.php(13): CApplication->run()
#22 {main}
REQUEST_URI=/user/register
---
2014/12/04 22:49:12 [error] [exception.CHttpException.404] exception 'CHttpException' with message 'The system is unable to find the requested action "login".' in /www/beta/yiiframework/framework/web/CController.php:483
Stack trace:
#0 /www/beta/yiiframework/framework/web/CController.php(270): CController->missingAction('login')
#1 /www/beta/yiiframework/framework/web/CWebApplication.php(282): CController->run('login')
#2 /www/beta/yiiframework/framework/web/CWebApplication.php(141): CWebApplication->runController('site/login')
#3 /www/beta/yiiframework/framework/base/CApplication.php(180): CWebApplication->processRequest()
#4 /www/beta/notebook/index.php(13): CApplication->run()
#5 {main}
REQUEST_URI=/site/login
HTTP_REFERER=http://beta.notebook.com/user/login
---
2014/12/04 23:16:49 [error] [exception.CException] exception 'CException' with message 'NoteController and its behaviors do not have a method or closure named "setScenario".' in /www/beta/yiiframework/framework/base/CComponent.php:266
Stack trace:
#0 /www/beta/notebook/protected/controllers/NoteController.php(76): CComponent->__call('setScenario', Array)
#1 /www/beta/notebook/protected/controllers/NoteController.php(76): NoteController->setScenario('publish')
#2 /www/beta/yiiframework/framework/web/actions/CInlineAction.php(49): NoteController->actionCreate()
#3 /www/beta/yiiframework/framework/web/CController.php(308): CInlineAction->runWithParams(Array)
#4 /www/beta/yiiframework/framework/web/filters/CFilterChain.php(133): CController->runAction(Object(CInlineAction))
#5 /www/beta/yiiframework/framework/web/filters/CFilter.php(40): CFilterChain->run()
#6 /www/beta/yiiframework/framework/web/CController.php(1145): CFilter->filter(Object(CFilterChain))
#7 /www/beta/yiiframework/framework/web/filters/CInlineFilter.php(58): CController->filterAccessControl(Object(CFilterChain))
#8 /www/beta/yiiframework/framework/web/filters/CFilterChain.php(130): CInlineFilter->filter(Object(CFilterChain))
#9 /www/beta/yiiframework/framework/web/CController.php(291): CFilterChain->run()
#10 /www/beta/yiiframework/framework/web/CController.php(265): CController->runActionWithFilters(Object(CInlineAction), Array)
#11 /www/beta/yiiframework/framework/web/CWebApplication.php(282): CController->run('create')
#12 /www/beta/yiiframework/framework/web/CWebApplication.php(141): CWebApplication->runController('note/create')
#13 /www/beta/yiiframework/framework/base/CApplication.php(180): CWebApplication->processRequest()
#14 /www/beta/notebook/index.php(13): CApplication->run()
#15 {main}
REQUEST_URI=/note/create
HTTP_REFERER=http://beta.notebook.com/note/create
---
2014/12/04 23:22:31 [error] [php] include(number.php): failed to open stream: No such file or directory (/www/beta/yiiframework/framework/YiiBase.php:427)
Stack trace:
#0 /www/beta/yiiframework/framework/validators/CValidator.php(186): import()
#1 /www/beta/yiiframework/framework/base/CModel.php(287): createValidator()
#2 /www/beta/yiiframework/framework/base/CModel.php(260): Note->createValidators()
#3 /www/beta/yiiframework/framework/base/CModel.php(547): Note->getValidators()
#4 /www/beta/yiiframework/framework/base/CModel.php(468): Note->getSafeAttributeNames()
#5 /www/beta/yiiframework/framework/base/CComponent.php(152): Note->setAttributes()
#6 /www/beta/yiiframework/framework/db/ar/CActiveRecord.php(161): Note->__set()
#7 /www/beta/notebook/protected/controllers/NoteController.php(88): Note->__set()
#8 /www/beta/yiiframework/framework/web/actions/CInlineAction.php(49): NoteController->actionCreate()
#9 /www/beta/yiiframework/framework/web/CController.php(308): CInlineAction->runWithParams()
#10 /www/beta/yiiframework/framework/web/filters/CFilterChain.php(133): NoteController->runAction()
#11 /www/beta/yiiframework/framework/web/filters/CFilter.php(40): CFilterChain->run()
#12 /www/beta/yiiframework/framework/web/CController.php(1145): CAccessControlFilter->filter()
#13 /www/beta/yiiframework/framework/web/filters/CInlineFilter.php(58): NoteController->filterAccessControl()
#14 /www/beta/yiiframework/framework/web/filters/CFilterChain.php(130): CInlineFilter->filter()
#15 /www/beta/yiiframework/framework/web/CController.php(291): CFilterChain->run()
#16 /www/beta/yiiframework/framework/web/CController.php(265): NoteController->runActionWithFilters()
#17 /www/beta/yiiframework/framework/web/CWebApplication.php(282): NoteController->run()
#18 /www/beta/yiiframework/framework/web/CWebApplication.php(141): CWebApplication->runController()
#19 /www/beta/yiiframework/framework/base/CApplication.php(180): CWebApplication->processRequest()
#20 /www/beta/notebook/index.php(13): CWebApplication->run()
REQUEST_URI=/note/create
in /www/beta/notebook/protected/controllers/NoteController.php (88)
in /www/beta/notebook/index.php (13)
2014/12/04 23:22:44 [error] [php] include(number.php): failed to open stream: No such file or directory (/www/beta/yiiframework/framework/YiiBase.php:427)
Stack trace:
#0 /www/beta/yiiframework/framework/validators/CValidator.php(186): import()
#1 /www/beta/yiiframework/framework/base/CModel.php(287): createValidator()
#2 /www/beta/yiiframework/framework/base/CModel.php(260): Note->createValidators()
#3 /www/beta/yiiframework/framework/base/CModel.php(304): Note->getValidators()
#4 /www/beta/yiiframework/framework/web/helpers/CHtml.php(1414): Note->isAttributeRequired()
#5 /www/beta/yiiframework/framework/web/widgets/CActiveForm.php(597): activeLabelEx()
#6 /www/beta/notebook/protected/views/note/_form.php(24): CActiveForm->labelEx()
#7 /www/beta/yiiframework/framework/web/CBaseController.php(126): require()
#8 /www/beta/yiiframework/framework/web/CBaseController.php(95): NoteController->renderInternal()
#9 /www/beta/yiiframework/framework/web/CController.php(869): NoteController->renderFile()
#10 /www/beta/notebook/protected/views/note/create.php(18): NoteController->renderPartial()
#11 /www/beta/yiiframework/framework/web/CBaseController.php(126): require()
#12 /www/beta/yiiframework/framework/web/CBaseController.php(95): NoteController->renderInternal()
#13 /www/beta/yiiframework/framework/web/CController.php(869): NoteController->renderFile()
#14 /www/beta/yiiframework/framework/web/CController.php(782): NoteController->renderPartial()
#15 /www/beta/notebook/protected/controllers/NoteController.php(95): NoteController->render()
#16 /www/beta/yiiframework/framework/web/actions/CInlineAction.php(49): NoteController->actionCreate()
#17 /www/beta/yiiframework/framework/web/CController.php(308): CInlineAction->runWithParams()
#18 /www/beta/yiiframework/framework/web/filters/CFilterChain.php(133): NoteController->runAction()
#19 /www/beta/yiiframework/framework/web/filters/CFilter.php(40): CFilterChain->run()
#20 /www/beta/yiiframework/framework/web/CController.php(1145): CAccessControlFilter->filter()
#21 /www/beta/yiiframework/framework/web/filters/CInlineFilter.php(58): NoteController->filterAccessControl()
#22 /www/beta/yiiframework/framework/web/filters/CFilterChain.php(130): CInlineFilter->filter()
#23 /www/beta/yiiframework/framework/web/CController.php(291): CFilterChain->run()
#24 /www/beta/yiiframework/framework/web/CController.php(265): NoteController->runActionWithFilters()
#25 /www/beta/yiiframework/framework/web/CWebApplication.php(282): NoteController->run()
#26 /www/beta/yiiframework/framework/web/CWebApplication.php(141): CWebApplication->runController()
#27 /www/beta/yiiframework/framework/base/CApplication.php(180): CWebApplication->processRequest()
#28 /www/beta/notebook/index.php(13): CWebApplication->run()
REQUEST_URI=/note/create
in /www/beta/notebook/protected/views/note/_form.php (24)
in /www/beta/notebook/protected/views/note/create.php (18)
in /www/beta/notebook/protected/controllers/NoteController.php (95)
2014/12/04 23:23:57 [error] [exception.CException] exception 'CException' with message 'Property "Note.update_time" is not defined.' in /www/beta/yiiframework/framework/base/CComponent.php:173
Stack trace:
#0 /www/beta/yiiframework/framework/db/ar/CActiveRecord.php(161): CComponent->__set('update_time', 1417706637)
#1 /www/beta/notebook/protected/models/Note.php(140): CActiveRecord->__set('update_time', 1417706637)
#2 /www/beta/yiiframework/framework/db/ar/CActiveRecord.php(1071): Note->beforeSave()
#3 /www/beta/yiiframework/framework/db/ar/CActiveRecord.php(806): CActiveRecord->insert(NULL)
#4 /www/beta/notebook/protected/controllers/NoteController.php(89): CActiveRecord->save()
#5 /www/beta/yiiframework/framework/web/actions/CInlineAction.php(49): NoteController->actionCreate()
#6 /www/beta/yiiframework/framework/web/CController.php(308): CInlineAction->runWithParams(Array)
#7 /www/beta/yiiframework/framework/web/filters/CFilterChain.php(133): CController->runAction(Object(CInlineAction))
#8 /www/beta/yiiframework/framework/web/filters/CFilter.php(40): CFilterChain->run()
#9 /www/beta/yiiframework/framework/web/CController.php(1145): CFilter->filter(Object(CFilterChain))
#10 /www/beta/yiiframework/framework/web/filters/CInlineFilter.php(58): CController->filterAccessControl(Object(CFilterChain))
#11 /www/beta/yiiframework/framework/web/filters/CFilterChain.php(130): CInlineFilter->filter(Object(CFilterChain))
#12 /www/beta/yiiframework/framework/web/CController.php(291): CFilterChain->run()
#13 /www/beta/yiiframework/framework/web/CController.php(265): CController->runActionWithFilters(Object(CInlineAction), Array)
#14 /www/beta/yiiframework/framework/web/CWebApplication.php(282): CController->run('create')
#15 /www/beta/yiiframework/framework/web/CWebApplication.php(141): CWebApplication->runController('note/create')
#16 /www/beta/yiiframework/framework/base/CApplication.php(180): CWebApplication->processRequest()
#17 /www/beta/notebook/index.php(13): CApplication->run()
#18 {main}
REQUEST_URI=/note/create
HTTP_REFERER=http://beta.notebook.com/note/create
---
2014/12/04 23:24:33 [error] [exception.CException] exception 'CException' with message 'Property "Note.post_time" is not defined.' in /www/beta/yiiframework/framework/base/CComponent.php:173
Stack trace:
#0 /www/beta/yiiframework/framework/db/ar/CActiveRecord.php(161): CComponent->__set('post_time', 1417706673)
#1 /www/beta/notebook/protected/models/Note.php(147): CActiveRecord->__set('post_time', 1417706673)
#2 /www/beta/yiiframework/framework/db/ar/CActiveRecord.php(1071): Note->beforeSave()
#3 /www/beta/yiiframework/framework/db/ar/CActiveRecord.php(806): CActiveRecord->insert(NULL)
#4 /www/beta/notebook/protected/controllers/NoteController.php(89): CActiveRecord->save()
#5 /www/beta/yiiframework/framework/web/actions/CInlineAction.php(49): NoteController->actionCreate()
#6 /www/beta/yiiframework/framework/web/CController.php(308): CInlineAction->runWithParams(Array)
#7 /www/beta/yiiframework/framework/web/filters/CFilterChain.php(133): CController->runAction(Object(CInlineAction))
#8 /www/beta/yiiframework/framework/web/filters/CFilter.php(40): CFilterChain->run()
#9 /www/beta/yiiframework/framework/web/CController.php(1145): CFilter->filter(Object(CFilterChain))
#10 /www/beta/yiiframework/framework/web/filters/CInlineFilter.php(58): CController->filterAccessControl(Object(CFilterChain))
#11 /www/beta/yiiframework/framework/web/filters/CFilterChain.php(130): CInlineFilter->filter(Object(CFilterChain))
#12 /www/beta/yiiframework/framework/web/CController.php(291): CFilterChain->run()
#13 /www/beta/yiiframework/framework/web/CController.php(265): CController->runActionWithFilters(Object(CInlineAction), Array)
#14 /www/beta/yiiframework/framework/web/CWebApplication.php(282): CController->run('create')
#15 /www/beta/yiiframework/framework/web/CWebApplication.php(141): CWebApplication->runController('note/create')
#16 /www/beta/yiiframework/framework/base/CApplication.php(180): CWebApplication->processRequest()
#17 /www/beta/notebook/index.php(13): CApplication->run()
#18 {main}
REQUEST_URI=/note/create
HTTP_REFERER=http://beta.notebook.com/note/create
---
